Script [1:0..18:0]
 └─ CompoundStatement [1:0..18:0]
     └─ FunctionNode [1:0..18:0]
         ├─ func [1:0..1:4]: "func"
         ├─ Identifier [1:5..1:11]: "_ready"
         ├─ CallParamsParameterNode [1:11..1:13]
         │   ├─ ( [1:11..1:12]: "("
         │   └─ ) [1:12..1:13]: ")"
         └─ Body [1:13..18:0]
             ├─ : [1:13..1:14]: ":"
             └─ SuiteNodeBody [1:14..18:0]
                 ├─ Newline [1:14..2:0]: "\n"
                 └─ SuiteNode [2:0..18:0]
                     ├─ Indent [2:0..2:1]: "\t"
                     ├─ CompoundStatement [2:1..4:0]
                     │   └─ IfNode [2:1..4:0]
                     │       └─ IfClause [2:1..4:0]
                     │           ├─ if [2:1..2:3]: "if"
                     │           ├─ LiteralExpressionNode [2:4..2:8]
                     │           │   └─ True [2:4..2:8]: "true"
                     │           └─ Body [2:8..4:0]
                     │               ├─ : [2:8..2:9]: ":"
                     │               └─ SuiteNodeBody [2:9..4:0]
                     │                   ├─ Newline [2:9..3:0]: "\n"
                     │                   └─ SuiteNode [3:0..4:0]
                     │                       ├─ Indent [3:0..3:2]: "\t\t"
                     │                       ├─ SimpleStatement [3:2..4:0]
                     │                       │   ├─ SmallStatement [3:2..3:16]
                     │                       │   │   └─ CallExpressionNode [3:2..3:16]
                     │                       │   │       ├─ Identifier [3:2..3:7]: "print"
                     │                       │   │       └─ CallParamsExpressionNode [3:7..3:16]
                     │                       │   │           ├─ ( [3:7..3:8]: "("
                     │                       │   │           ├─ ⚠ [3:8..3:15]: "\"yeah!\""
                     │                       │   │           └─ ) [3:15..3:16]: ")"
                     │                       │   └─ Newline [3:16..4:0]: "\n"
                     │                       └─ Dedent [5:0..4:0]: ""
                     ├─ CompoundStatement [5:1..14:0]
                     │   └─ IfNode [5:1..14:0]
                     │       └─ IfClause [5:1..14:0]
                     │           ├─ if [5:1..5:3]: "if"
                     │           ├─ LiteralExpressionNode [5:4..5:9]
                     │           │   └─ False [5:4..5:9]: "false"
                     │           └─ Body [5:9..14:0]
                     │               ├─ : [5:9..5:10]: ":"
                     │               └─ SuiteNodeBody [5:10..14:0]
                     │                   ├─ Newline [5:10..6:0]: "\n"
                     │                   └─ SuiteNode [6:0..14:0]
                     │                       ├─ Indent [6:0..6:2]: "\t\t"
                     │                       ├─ SimpleStatement [6:2..7:0]
                     │                       │   ├─ SmallStatement [6:2..6:13]
                     │                       │   │   └─ CallExpressionNode [6:2..6:13]
                     │                       │   │       ├─ Identifier [6:2..6:7]: "print"
                     │                       │   │       └─ CallParamsExpressionNode [6:7..6:13]
                     │                       │   │           ├─ ( [6:7..6:8]: "("
                     │                       │   │           ├─ ⚠ [6:8..6:12]: "\"yo\""
                     │                       │   │           └─ ) [6:12..6:13]: ")"
                     │                       │   └─ Newline [6:13..7:0]: "\n"
                     │                       ├─ SimpleStatement [8:2..9:0]
                     │                       │   ├─ SmallStatement [8:2..8:16]
                     │                       │   │   └─ CallExpressionNode [8:2..8:16]
                     │                       │   │       ├─ Identifier [8:2..8:7]: "print"
                     │                       │   │       └─ CallParamsExpressionNode [8:7..8:16]
                     │                       │   │           ├─ ( [8:7..8:8]: "("
                     │                       │   │           ├─ ⚠ [8:8..8:15]: "\"yo yo\""
                     │                       │   │           └─ ) [8:15..8:16]: ")"
                     │                       │   ├─ Comment [8:17..8:26]: "# Comment"
                     │                       │   └─ Newline [8:26..9:0]: "\n"
                     │                       ├─ SimpleStatement [13:2..14:0]
                     │                       │   ├─ SmallStatement [13:2..13:22]
                     │                       │   │   └─ CallExpressionNode [13:2..13:22]
                     │                       │   │       ├─ Identifier [13:2..13:7]: "print"
                     │                       │   │       └─ CallParamsExpressionNode [13:7..13:22]
                     │                       │   │           ├─ ( [13:7..13:8]: "("
                     │                       │   │           ├─ ⚠ [13:8..13:21]: "\"yo yo yo yo\""
                     │                       │   │           └─ ) [13:21..13:22]: ")"
                     │                       │   └─ Newline [13:22..14:0]: "\n"
                     │                       └─ Dedent [17:0..14:0]: ""
                     ├─ Comment [14:2..14:11]: "# Comment"
                     ├─ Comment [16:1..16:10]: "# Comment"
                     ├─ SimpleStatement [17:1..18:0]
                     │   ├─ SmallStatement [17:1..17:14]
                     │   │   └─ CallExpressionNode [17:1..17:14]
                     │   │       ├─ Identifier [17:1..17:6]: "print"
                     │   │       └─ CallParamsExpressionNode [17:6..17:14]
                     │   │           ├─ ( [17:6..17:7]: "("
                     │   │           ├─ ⚠ [17:7..17:13]: "\"hehe\""
                     │   │           └─ ) [17:13..17:14]: ")"
                     │   └─ Newline [17:14..18:0]: "\n"
                     └─ Dedent 18:0