Script [1:0..5:0]
 ├─ CompoundStatement [1:0..3:0]
 │   └─ ForNode [1:0..3:0]
 │       ├─ for [1:0..1:3]: "for"
 │       ├─ Identifier [1:4..1:5]: "x"
 │       ├─ in [1:6..1:8]: "in"
 │       ├─ IdentifierExpressionNode [1:9..1:17]
 │       │   └─ Identifier [1:9..1:17]: "my_array"
 │       └─ Body [1:17..3:0]
 │           ├─ : [1:17..1:18]: ":"
 │           └─ SuiteNodeBody [1:18..3:0]
 │               ├─ Newline [1:18..2:0]: "\n"
 │               └─ SuiteNode [2:0..3:0]
 │                   ├─ Indent [2:0..2:1]: "\t"
 │                   ├─ SimpleStatement [2:1..3:0]
 │                   │   ├─ SmallStatement [2:1..2:9]
 │                   │   │   └─ CallExpressionNode [2:1..2:9]
 │                   │   │       ├─ Identifier [2:1..2:6]: "print"
 │                   │   │       └─ CallParamsExpressionNode [2:6..2:9]
 │                   │   │           ├─ ( [2:6..2:7]: "("
 │                   │   │           ├─ ParameterNode [2:7..2:8]
 │                   │   │           │   └─ Identifier [2:7..2:8]: "x"
 │                   │   │           └─ ) [2:8..2:9]: ")"
 │                   │   └─ Newline [2:9..3:0]: "\n"
 │                   └─ Dedent [4:0..3:0]: ""
 └─ CompoundStatement [4:0..5:0]
     └─ ForNode [4:0..5:0]
         ├─ for [4:0..4:3]: "for"
         ├─ Identifier [4:4..4:5]: "x"
         ├─ in [4:6..4:8]: "in"
         ├─ IdentifierExpressionNode [4:9..4:17]
         │   └─ Identifier [4:9..4:17]: "my_array"
         └─ Body [4:17..5:0]
             ├─ : [4:17..4:18]: ":"
             └─ ExpressionNodeBody [4:19..5:0]
                 └─ SimpleStatement [4:19..5:0]
                     ├─ SmallStatement [4:19..4:27]
                     │   └─ CallExpressionNode [4:19..4:27]
                     │       ├─ Identifier [4:19..4:24]: "print"
                     │       └─ CallParamsExpressionNode [4:24..4:27]
                     │           ├─ ( [4:24..4:25]: "("
                     │           ├─ ParameterNode [4:25..4:26]
                     │           │   └─ Identifier [4:25..4:26]: "x"
                     │           └─ ) [4:26..4:27]: ")"
                     └─ Newline [4:27..5:0]: "\n"