Script [1:0..4:0]
 ├─ SimpleStatement [1:0..1:14]
 │   ├─ SmallStatement [1:0..1:14]
 │   │   └─ TernaryOperatorExpressionNode [1:0..1:14]
 │   │       ├─ LiteralExpressionNode [1:0..1:4]
 │   │       │   └─ True [1:0..1:4]: "true"
 │   │       ├─ TernaryOp [1:5..1:6]: "?"
 │   │       ├─ LiteralExpressionNode [1:7..1:11]
 │   │       │   └─ True [1:7..1:11]: "true"
 │   │       └─ ⚠ [1:12..1:13]
 │   │           └─ : [1:12..1:13]: ":"
 │   └─ ⚠ 1:14
 ├─ SimpleStatement [1:14..2:0]
 │   ├─ SmallStatement [1:14..1:18]
 │   │   └─ LiteralExpressionNode [1:14..1:18]
 │   │       └─ True [1:14..1:18]: "true"
 │   └─ Newline [1:18..2:0]: "\n"
 ├─ SimpleStatement [3:0..3:16]
 │   ├─ SmallStatement [3:0..3:16]
 │   │   └─ TernaryOperatorExpressionNode [3:0..3:16]
 │   │       ├─ BinaryOperatorExpressionNode [3:0..3:5]
 │   │       │   ├─ LiteralExpressionNode [3:0..3:1]: "1"
 │   │       │   ├─ ArithOp [3:2..3:3]: "+"
 │   │       │   └─ LiteralExpressionNode [3:4..3:5]: "2"
 │   │       ├─ TernaryOp [3:6..3:7]: "?"
 │   │       ├─ BinaryOperatorExpressionNode [3:8..3:16]
 │   │       │   ├─ LiteralExpressionNode [3:8..3:9]: "3"
 │   │       │   ├─ ArithOp [3:10..3:11]: "+"
 │   │       │   ├─ LiteralExpressionNode [3:12..3:13]: "4"
 │   │       │   └─ ⚠ [3:14..3:15]
 │   │       │       └─ : [3:14..3:15]: ":"
 │   │       └─ ⚠ 3:16
 │   └─ ⚠ 3:16
 └─ SimpleStatement [3:16..4:0]
     ├─ SmallStatement [3:16..3:21]
     │   └─ BinaryOperatorExpressionNode [3:16..3:21]
     │       ├─ LiteralExpressionNode [3:16..3:17]: "5"
     │       ├─ ArithOp [3:18..3:19]: "+"
     │       └─ LiteralExpressionNode [3:20..3:21]: "6"
     └─ Newline [3:21..4:0]: "\n"