Script [1:0..9:0]
 ├─ SimpleStatement [1:0..2:0]
 │   ├─ SmallStatement [1:0..1:12]
 │   │   └─ ReturnNode [1:0..1:12]
 │   │       ├─ return [1:0..1:6]: "return"
 │   │       └─ IdentifierExpressionNode [1:7..1:12]
 │   │           └─ Identifier [1:7..1:12]: "hello"
 │   └─ Newline [1:12..2:0]: "\n"
 ├─ SimpleStatement [3:0..4:0]
 │   ├─ SmallStatement [3:0..3:13]
 │   │   └─ ReturnNode [3:0..3:13]
 │   │       ├─ return [3:0..3:6]: "return"
 │   │       └─ LiteralExpressionNode [3:7..3:13]
 │   │           └─ String [3:7..3:13]: "\"help\""
 │   └─ Newline [3:13..4:0]: "\n"
 ├─ SimpleStatement [5:0..6:0]
 │   ├─ SmallStatement [5:0..5:16]
 │   │   └─ ReturnNode [5:0..5:16]
 │   │       ├─ return [5:0..5:6]: "return"
 │   │       └─ BinaryOperatorExpressionNode [5:7..5:16]
 │   │           ├─ LiteralExpressionNode [5:7..5:8]: "1"
 │   │           ├─ ArithOp [5:9..5:10]: "+"
 │   │           └─ BinaryOperatorExpressionNode [5:11..5:16]
 │   │               ├─ LiteralExpressionNode [5:11..5:12]: "2"
 │   │               ├─ ArithOp [5:13..5:14]: "*"
 │   │               └─ LiteralExpressionNode [5:15..5:16]: "3"
 │   └─ Newline [5:16..6:0]: "\n"
 └─ CompoundStatement [7:0..9:0]
     └─ FunctionNode [7:0..9:0]
         ├─ func [7:0..7:4]: "func"
         ├─ Identifier [7:5..7:12]: "my_func"
         ├─ CallParamsParameterNode [7:12..7:14]
         │   ├─ ( [7:12..7:13]: "("
         │   └─ ) [7:13..7:14]: ")"
         └─ Body [7:14..9:0]
             ├─ : [7:14..7:15]: ":"
             └─ SuiteNodeBody [7:15..9:0]
                 ├─ Newline [7:15..8:0]: "\n"
                 └─ SuiteNode [8:0..9:0]
                     ├─ Indent [8:0..8:1]: "\t"
                     ├─ SimpleStatement [8:1..9:0]
                     │   ├─ SmallStatement [8:1..8:15]
                     │   │   └─ ReturnNode [8:1..8:15]
                     │   │       ├─ return [8:1..8:7]: "return"
                     │   │       └─ LiteralExpressionNode [8:8..8:15]: "123_456"
                     │   └─ Newline [8:15..9:0]: "\n"
                     └─ Dedent 9:0