Script [1:0..3:0]
 └─ CompoundStatement [1:0..3:0]
     └─ WhileNode [1:0..3:0]
         ├─ while [1:0..1:5]: "while"
         ├─ LiteralExpressionNode [1:6..1:10]
         │   └─ True [1:6..1:10]: "true"
         └─ Body [1:10..3:0]
             ├─ : [1:10..1:11]: ":"
             └─ SuiteNodeBody [1:11..3:0]
                 ├─ Newline [1:11..2:0]: "\n"
                 └─ SuiteNode [2:0..3:0]
                     ├─ Indent [2:0..2:1]: "\t"
                     ├─ SimpleStatement [2:1..3:0]
                     │   ├─ SmallStatement [2:1..2:9]
                     │   │   └─ CallExpressionNode [2:1..2:9]
                     │   │       ├─ Identifier [2:1..2:6]: "print"
                     │   │       └─ CallParamsExpressionNode [2:6..2:9]
                     │   │           ├─ ( [2:6..2:7]: "("
                     │   │           ├─ ParameterNode [2:7..2:8]
                     │   │           │   └─ Identifier [2:7..2:8]: "x"
                     │   │           └─ ) [2:8..2:9]: ")"
                     │   └─ Newline [2:9..3:0]: "\n"
                     └─ Dedent 3:0